{
  "stats": {
    "suites": 1,
    "tests": 2,
    "passes": 0,
    "pending": 0,
    "failures": 2,
    "start": "2025-10-27T09:59:42.870Z",
    "end": "2025-10-27T10:00:04.556Z",
    "duration": 21686,
    "testsRegistered": 2,
    "passPercent": 0,
    "pendingPercent": 0,
    "other": 0,
    "hasOther": false,
    "skipped": 0,
    "hasSkipped": false
  },
  "results": [
    {
      "uuid": "d5cc917c-d814-4eaf-a6ba-48abc76672be",
      "title": "",
      "fullFile": "cypress\\e2e\\admin.cy.js",
      "file": "cypress\\e2e\\admin.cy.js",
      "beforeHooks": [],
      "afterHooks": [],
      "tests": [],
      "suites": [
        {
          "uuid": "f258c5df-5abd-4cc5-a4ad-f8ccd70be1dd",
          "title": "Admin user management tests - placeholders",
          "fullFile": "",
          "file": "",
          "beforeHooks": [],
          "afterHooks": [],
          "tests": [
            {
              "title": "creates internal user",
              "fullTitle": "Admin user management tests - placeholders creates internal user",
              "timedOut": null,
              "duration": 14345,
              "state": "failed",
              "speed": null,
              "pass": false,
              "fail": true,
              "pending": false,
              "context": null,
              "code": "cy.visit('/admin/login');\ncy.get('#email').type('admin@example.com');\ncy.get('#password').type('AdminP@ss1');\ncy.get('button[type=submit]').click();\ncy.contains('Users').click();\ncy.contains('Add User').click();\ncy.get('#userType').select('Ordinary');\ncy.get('#email').type('new_user@example.com');\ncy.get('#firstName').type('New');\ncy.get('#lastName').type('User');\ncy.get('#department').select('Aquaculture');\ncy.get('button#saveUser').click();\ncy.contains('User created successfully');",
              "err": {
                "message": "AssertionError: Timed out retrying after 4000ms: Expected to find element: `#email`, but never found it.",
                "estack": "AssertionError: Timed out retrying after 4000ms: Expected to find element: `#email`, but never found it.\n    at Context.eval (webpack:///./cypress/e2e/admin.cy.js:7:7)",
                "diff": null
              },
              "uuid": "e3f33405-ea1d-4a9e-bc18-a2fefce9d821",
              "parentUUID": "f258c5df-5abd-4cc5-a4ad-f8ccd70be1dd",
              "isHook": false,
              "skipped": false
            },
            {
              "title": "edits internal user details",
              "fullTitle": "Admin user management tests - placeholders edits internal user details",
              "timedOut": null,
              "duration": 6036,
              "state": "failed",
              "speed": null,
              "pass": false,
              "fail": true,
              "pending": false,
              "context": null,
              "code": "cy.visit('/admin/login');\ncy.get('#email').type('admin@example.com');\ncy.get('#password').type('AdminP@ss1');\ncy.get('button[type=submit]').click();\ncy.contains('Users').click();\ncy.get('#searchUser').type('new_user@example.com');\ncy.contains('Edit').click();\ncy.get('#phoneNumber').clear().type('0772000000');\ncy.get('button#saveUser').click();\ncy.contains('User updated successfully');",
              "err": {
                "message": "AssertionError: Timed out retrying after 4000ms: Expected to find element: `#email`, but never found it.",
                "estack": "AssertionError: Timed out retrying after 4000ms: Expected to find element: `#email`, but never found it.\n    at Context.eval (webpack:///./cypress/e2e/admin.cy.js:23:7)",
                "diff": null
              },
              "uuid": "8e6200ae-3173-48a1-9c93-2951dadd330d",
              "parentUUID": "f258c5df-5abd-4cc5-a4ad-f8ccd70be1dd",
              "isHook": false,
              "skipped": false
            }
          ],
          "suites": [],
          "passes": [],
          "failures": [
            "e3f33405-ea1d-4a9e-bc18-a2fefce9d821",
            "8e6200ae-3173-48a1-9c93-2951dadd330d"
          ],
          "pending": [],
          "skipped": [],
          "duration": 20381,
          "root": false,
          "rootEmpty": false,
          "_timeout": 2000
        }
      ],
      "passes": [],
      "failures": [],
      "pending": [],
      "skipped": [],
      "duration": 0,
      "root": true,
      "rootEmpty": true,
      "_timeout": 2000
    }
  ],
  "meta": {
    "mocha": {
      "version": "7.2.0"
    },
    "mochawesome": {
      "options": {
        "quiet": false,
        "reportFilename": "mochawesome",
        "saveHtml": false,
        "saveJson": true,
        "consoleReporter": "spec",
        "useInlineDiffs": false,
        "code": true
      },
      "version": "7.1.4"
    },
    "marge": {
      "options": {
        "reportDir": "cypress/reports",
        "overwrite": false,
        "html": false,
        "json": true
      },
      "version": "6.3.0"
    }
  }
}