{
  "stats": {
    "suites": 1,
    "tests": 2,
    "passes": 0,
    "pending": 0,
    "failures": 2,
    "start": "2025-10-27T10:00:10.415Z",
    "end": "2025-10-27T10:00:24.213Z",
    "duration": 13798,
    "testsRegistered": 2,
    "passPercent": 0,
    "pendingPercent": 0,
    "other": 0,
    "hasOther": false,
    "skipped": 0,
    "hasSkipped": false
  },
  "results": [
    {
      "uuid": "a4f805ae-e743-4d82-9049-da6deff45c60",
      "title": "",
      "fullFile": "cypress\\e2e\\application.cy.js",
      "file": "cypress\\e2e\\application.cy.js",
      "beforeHooks": [],
      "afterHooks": [],
      "tests": [],
      "suites": [
        {
          "uuid": "e363dc18-b929-43f4-bc92-30557d15b872",
          "title": "Application submission tests - placeholders",
          "fullFile": "",
          "file": "",
          "beforeHooks": [],
          "afterHooks": [],
          "tests": [
            {
              "title": "submits a new license application (happy path)",
              "fullTitle": "Application submission tests - placeholders submits a new license application (happy path)",
              "timedOut": null,
              "duration": 8029,
              "state": "failed",
              "speed": null,
              "pass": false,
              "fail": true,
              "pending": false,
              "context": null,
              "code": "// login first - adjust selectors/command as necessary\ncy.visit('/login');\ncy.get('#email').type(_testData.default.individual.email);\ncy.get('#password').type(_testData.default.individual.password);\ncy.get('button[type=submit]').click();\ncy.contains('Apply for License').click();\n// fill wizard - placeholders for selectors\ncy.get('#licenseType').select('Aquaculture Establishment Certificate');\ncy.get('#facilityType').select('Pond');\ncy.get('#species').select(['Oreochromis niloticus']);\ncy.get('#productionCapacity').type('1000');\n// attach files - assumes file exists in cypress/fixtures\ncy.get('#uploadEIA').attachFile('EIA_sample.pdf');\ncy.get('#uploadSitePlan').attachFile('SitePlan_sample.pdf');\ncy.get('button#preview').click();\ncy.contains('Preview Application');\ncy.get('button#submitApplication').click();\ncy.wait('@generatePRN');\ncy.contains('Application submitted successfully');\ncy.contains(_testData.default.prn);",
              "err": {
                "message": "AssertionError: Timed out retrying after 4000ms: Expected to find element: `#email`, but never found it.",
                "estack": "AssertionError: Timed out retrying after 4000ms: Expected to find element: `#email`, but never found it.\n    at Context.eval (webpack:///./cypress/e2e/application.cy.js:23:7)",
                "diff": null
              },
              "uuid": "69b73908-f049-4e85-bcfe-62820afe91e9",
              "parentUUID": "e363dc18-b929-43f4-bc92-30557d15b872",
              "isHook": false,
              "skipped": false
            },
            {
              "title": "prevents duplicate application",
              "fullTitle": "Application submission tests - placeholders prevents duplicate application",
              "timedOut": null,
              "duration": 5460,
              "state": "failed",
              "speed": null,
              "pass": false,
              "fail": true,
              "pending": false,
              "context": null,
              "code": "// Simulate duplicate - attempt to submit twice\n// for demo purposes, check for duplicate message after first submit\ncy.visit('/login');\ncy.get('#email').type(_testData.default.individual.email);\ncy.get('#password').type(_testData.default.individual.password);\ncy.get('button[type=submit]').click();\ncy.contains('Apply for License').click();\ncy.get('#licenseType').select('Aquaculture Establishment Certificate');\ncy.get('#facilityType').select('Pond');\ncy.get('#productionCapacity').type('1000');\ncy.get('button#submitApplication').click();\ncy.contains('Duplicate application exists').should('exist');",
              "err": {
                "message": "AssertionError: Timed out retrying after 4000ms: Expected to find element: `#email`, but never found it.",
                "estack": "AssertionError: Timed out retrying after 4000ms: Expected to find element: `#email`, but never found it.\n    at Context.eval (webpack:///./cypress/e2e/application.cy.js:50:7)",
                "diff": null
              },
              "uuid": "2767d7b6-e839-4120-bd6c-1ff4887eae22",
              "parentUUID": "e363dc18-b929-43f4-bc92-30557d15b872",
              "isHook": false,
              "skipped": false
            }
          ],
          "suites": [],
          "passes": [],
          "failures": [
            "69b73908-f049-4e85-bcfe-62820afe91e9",
            "2767d7b6-e839-4120-bd6c-1ff4887eae22"
          ],
          "pending": [],
          "skipped": [],
          "duration": 13489,
          "root": false,
          "rootEmpty": false,
          "_timeout": 2000
        }
      ],
      "passes": [],
      "failures": [],
      "pending": [],
      "skipped": [],
      "duration": 0,
      "root": true,
      "rootEmpty": true,
      "_timeout": 2000
    }
  ],
  "meta": {
    "mocha": {
      "version": "7.2.0"
    },
    "mochawesome": {
      "options": {
        "quiet": false,
        "reportFilename": "mochawesome",
        "saveHtml": false,
        "saveJson": true,
        "consoleReporter": "spec",
        "useInlineDiffs": false,
        "code": true
      },
      "version": "7.1.4"
    },
    "marge": {
      "options": {
        "reportDir": "cypress/reports",
        "overwrite": false,
        "html": false,
        "json": true
      },
      "version": "6.3.0"
    }
  }
}