{
  "stats": {
    "suites": 1,
    "tests": 2,
    "passes": 0,
    "pending": 0,
    "failures": 2,
    "start": "2025-10-27T10:01:30.722Z",
    "end": "2025-10-27T10:02:38.468Z",
    "duration": 67746,
    "testsRegistered": 2,
    "passPercent": 0,
    "pendingPercent": 0,
    "other": 0,
    "hasOther": false,
    "skipped": 0,
    "hasSkipped": false
  },
  "results": [
    {
      "uuid": "a0f441d0-ced7-4943-afbe-65e55aae0f39",
      "title": "",
      "fullFile": "cypress\\e2e\\payments.cy.js",
      "file": "cypress\\e2e\\payments.cy.js",
      "beforeHooks": [],
      "afterHooks": [],
      "tests": [],
      "suites": [
        {
          "uuid": "6ac16629-34d5-4d25-886f-2ceff11c9962",
          "title": "Payments and PRN tests - placeholders",
          "fullFile": "",
          "file": "",
          "beforeHooks": [],
          "afterHooks": [],
          "tests": [
            {
              "title": "generates PRN and shows payment details",
              "fullTitle": "Payments and PRN tests - placeholders generates PRN and shows payment details",
              "timedOut": null,
              "duration": 60330,
              "state": "failed",
              "speed": null,
              "pass": false,
              "fail": true,
              "pending": false,
              "context": null,
              "code": "cy.visit('/login');\ncy.get('#email').type(_testData.default.individual.email);\ncy.get('#password').type(_testData.default.individual.password);\ncy.get('button[type=submit]').click();\ncy.contains('My Applications').click();\n// assume PRN generation action\ncy.contains('Generate PRN').click();\ncy.wait('@generatePRN');\ncy.contains(_testData.default.prn);",
              "err": {
                "message": "CypressError: Timed out after waiting `60000ms` for your remote page to load.\n\nYour page did not fire its `load` event within `60000ms`.\n\nYou can try increasing the `pageLoadTimeout` value in `cypress.config.js` to wait longer.\n\nBrowsers will not fire the `load` event until all stylesheets and scripts are done downloading.\n\nWhen this `load` event occurs, Cypress will continue running commands.",
                "estack": "CypressError: Timed out after waiting `60000ms` for your remote page to load.\n\nYour page did not fire its `load` event within `60000ms`.\n\nYou can try increasing the `pageLoadTimeout` value in `cypress.config.js` to wait longer.\n\nBrowsers will not fire the `load` event until all stylesheets and scripts are done downloading.\n\nWhen this `load` event occurs, Cypress will continue running commands.\n    at timedOutWaitingForPageLoad (https://coding.dev.go.ug/__cypress/runner/cypress_runner.js:133432:64)\n    at <unknown> (https://coding.dev.go.ug/__cypress/runner/cypress_runner.js:134428:16)\n    at tryCatcher (https://coding.dev.go.ug/__cypress/runner/cypress_runner.js:1777:23)\n    at <unknown> (https://coding.dev.go.ug/__cypress/runner/cypress_runner.js:4156:41)\n    at tryCatcher (https://coding.dev.go.ug/__cypress/runner/cypress_runner.js:1777:23)\n    at Promise._settlePromiseFromHandler (https://coding.dev.go.ug/__cypress/runner/cypress_runner.js:1489:31)\n    at Promise._settlePromise (https://coding.dev.go.ug/__cypress/runner/cypress_runner.js:1546:18)\n    at Promise._settlePromise0 (https://coding.dev.go.ug/__cypress/runner/cypress_runner.js:1591:10)\n    at Promise._settlePromises (https://coding.dev.go.ug/__cypress/runner/cypress_runner.js:1667:18)\n    at _drainQueueStep (https://coding.dev.go.ug/__cypress/runner/cypress_runner.js:2377:12)\n    at _drainQueue (https://coding.dev.go.ug/__cypress/runner/cypress_runner.js:2370:9)\n    at Async._drainQueues (https://coding.dev.go.ug/__cypress/runner/cypress_runner.js:2386:5)\n    at Async.drainQueues (https://coding.dev.go.ug/__cypress/runner/cypress_runner.js:2256:14)\nFrom Your Spec Code:\n    at Context.eval (webpack:///./cypress/e2e/payments.cy.js:11:7)",
                "diff": null
              },
              "uuid": "ce7779de-bce8-46af-bbdc-5c538b6df651",
              "parentUUID": "6ac16629-34d5-4d25-886f-2ceff11c9962",
              "isHook": false,
              "skipped": false
            },
            {
              "title": "reflects payment status after URA confirmation",
              "fullTitle": "Payments and PRN tests - placeholders reflects payment status after URA confirmation",
              "timedOut": null,
              "duration": 7201,
              "state": "failed",
              "speed": null,
              "pass": false,
              "fail": true,
              "pending": false,
              "context": null,
              "code": "// After payment, the system should reflect status change\ncy.visit('/applications');\ncy.get('#searchRef').type('SOME-REF-123');\ncy.get('button#search').click();\ncy.wait('@paymentStatus');\ncy.contains('Paid').should('exist');",
              "err": {
                "message": "AssertionError: Timed out retrying after 4000ms: Expected to find element: `#searchRef`, but never found it.",
                "estack": "AssertionError: Timed out retrying after 4000ms: Expected to find element: `#searchRef`, but never found it.\n    at Context.eval (webpack:///./cypress/e2e/payments.cy.js:25:7)",
                "diff": null
              },
              "uuid": "59669273-a7be-43ef-a70a-c04ed32b9fc0",
              "parentUUID": "6ac16629-34d5-4d25-886f-2ceff11c9962",
              "isHook": false,
              "skipped": false
            }
          ],
          "suites": [],
          "passes": [],
          "failures": [
            "ce7779de-bce8-46af-bbdc-5c538b6df651",
            "59669273-a7be-43ef-a70a-c04ed32b9fc0"
          ],
          "pending": [],
          "skipped": [],
          "duration": 67531,
          "root": false,
          "rootEmpty": false,
          "_timeout": 2000
        }
      ],
      "passes": [],
      "failures": [],
      "pending": [],
      "skipped": [],
      "duration": 0,
      "root": true,
      "rootEmpty": true,
      "_timeout": 2000
    }
  ],
  "meta": {
    "mocha": {
      "version": "7.2.0"
    },
    "mochawesome": {
      "options": {
        "quiet": false,
        "reportFilename": "mochawesome",
        "saveHtml": false,
        "saveJson": true,
        "consoleReporter": "spec",
        "useInlineDiffs": false,
        "code": true
      },
      "version": "7.1.4"
    },
    "marge": {
      "options": {
        "reportDir": "cypress/reports",
        "overwrite": false,
        "html": false,
        "json": true
      },
      "version": "6.3.0"
    }
  }
}